<?xml version="1.0" encoding="UTF-8"?>
<!-- Generated by org.testng.reporters.JUnitReportReporter -->
<testsuite skipped="0" hostname="LAPTOP-88M4IBUJ" name="com.mindtree.pageobject.CorporateGifts" tests="1" failures="0" timestamp="2021-11-22T15:49:11 IST" time="11.218" errors="0">
  <testcase name="PersonalizedGift" time="11.218" classname="com.mindtree.pageobject.CorporateGifts"/>
  <system-out/>
</testsuite> <!-- com.mindtree.pageobject.CorporateGifts -->
