<?xml version="1.0" encoding="UTF-8"?>
<!-- Generated by org.testng.reporters.JUnitReportReporter -->
<testsuite skipped="0" hostname="LAPTOP-88M4IBUJ" name="com.mindtree.pageobject.MouseActions" tests="1" failures="0" timestamp="2021-11-22T15:49:11 IST" time="22.739" errors="0">
  <testcase name="logintest" time="22.739" classname="com.mindtree.pageobject.MouseActions"/>
  <system-out/>
</testsuite> <!-- com.mindtree.pageobject.MouseActions -->
