<?xml version="1.0" encoding="UTF-8"?>
<!-- Generated by org.testng.reporters.JUnitReportReporter -->
<testsuite skipped="0" hostname="LAPTOP-88M4IBUJ" name="com.mindtree.pageobject.HomeAndLifestyle" tests="1" failures="0" timestamp="2021-11-22T15:49:11 IST" time="8.504" errors="0">
  <testcase name="HomeAndLifestyleHover" time="8.504" classname="com.mindtree.pageobject.HomeAndLifestyle"/>
  <system-out/>
</testsuite> <!-- com.mindtree.pageobject.HomeAndLifestyle -->
